2002.05.10 16:03 B e:\sites\hth\admin\www\resources\custom.js --> clients02.i-sites.com /CLIENTS02_SITES/HTH/admin/www/resources custom.js
2002.05.10 16:03 B e:\sites\hth\admin\www\resources\favicon.gif --> clients02.i-sites.com /CLIENTS02_SITES/HTH/admin/www/resources favicon.gif
2002.05.10 16:03 B e:\sites\hth\admin\www\resources\menu.js --> clients02.i-sites.com /CLIENTS02_SITES/HTH/admin/www/resources menu.js
2002.05.10 16:03 B e:\sites\hth\admin\www\resources\menu_ie.js --> clients02.i-sites.com /CLIENTS02_SITES/HTH/admin/www/resources menu_ie.js
2002.05.10 16:03 B e:\sites\hth\admin\www\resources\menu_ns4.js --> clients02.i-sites.com /CLIENTS02_SITES/HTH/admin/www/resources menu_ns4.js
2002.05.10 16:03 B e:\sites\hth\admin\www\resources\menu_ns6.js --> clients02.i-sites.com /CLIENTS02_SITES/HTH/admin/www/resources menu_ns6.js
2002.05.10 16:03 B e:\sites\hth\admin\www\resources\menu_op5.js --> clients02.i-sites.com /CLIENTS02_SITES/HTH/admin/www/resources menu_op5.js
2002.05.10 16:03 B e:\sites\hth\admin\www\resources\sniffer.js --> clients02.i-sites.com /CLIENTS02_SITES/HTH/admin/www/resources sniffer.js
2002.05.10 16:03 B e:\sites\hth\admin\www\resources\style.css --> clients02.i-sites.com /CLIENTS02_SITES/HTH/admin/www/resources style.css
2002.05.10 16:03 B e:\sites\hth\admin\www\resources\style.js --> clients02.i-sites.com /CLIENTS02_SITES/HTH/admin/www/resources style.js
2002.05.13 15:11 B e:\sites\hth\admin\www\resources\WS_FTP.LOG --> clients02.i-sites.com /CLIENTS02_SITES/HTH/admin/www/resources WS_FTP.LOG
2002.06.19 16:10 B e:\sites\Auberge\Admin\www\resources\custom.js --> clients02.i-sites.com /CLIENTS02_SITES/Auberge/Admin/www/resources custom.js
2002.06.19 16:10 B e:\sites\Auberge\Admin\www\resources\favicon.gif --> clients02.i-sites.com /CLIENTS02_SITES/Auberge/Admin/www/resources favicon.gif
2002.06.19 16:10 B e:\sites\Auberge\Admin\www\resources\menu.js --> clients02.i-sites.com /CLIENTS02_SITES/Auberge/Admin/www/resources menu.js
2002.06.19 16:10 B e:\sites\Auberge\Admin\www\resources\menu_ie.js --> clients02.i-sites.com /CLIENTS02_SITES/Auberge/Admin/www/resources menu_ie.js
2002.06.19 16:10 B e:\sites\Auberge\Admin\www\resources\menu_ns4.js --> clients02.i-sites.com /CLIENTS02_SITES/Auberge/Admin/www/resources menu_ns4.js
2002.06.19 16:10 B e:\sites\Auberge\Admin\www\resources\menu_ns6.js --> clients02.i-sites.com /CLIENTS02_SITES/Auberge/Admin/www/resources menu_ns6.js
2002.06.19 16:10 B e:\sites\Auberge\Admin\www\resources\menu_op5.js --> clients02.i-sites.com /CLIENTS02_SITES/Auberge/Admin/www/resources menu_op5.js
2002.06.19 16:10 B e:\sites\Auberge\Admin\www\resources\sniffer.js --> clients02.i-sites.com /CLIENTS02_SITES/Auberge/Admin/www/resources sniffer.js
2002.06.19 16:10 B e:\sites\Auberge\Admin\www\resources\style.css --> clients02.i-sites.com /CLIENTS02_SITES/Auberge/Admin/www/resources style.css
2002.06.19 16:10 B e:\sites\Auberge\Admin\www\resources\style.js --> clients02.i-sites.com /CLIENTS02_SITES/Auberge/Admin/www/resources style.js
2003.04.22 14:42 B e:\sites\MaritzWolff\www\Admin\resources\.MySCMServerInfo --> clients02.i-sites.com /CLIENTS02_SITES/maritzwolff/www/Admin/resources .MySCMServerInfo
2003.04.22 14:42 B e:\sites\MaritzWolff\www\Admin\resources\custom.js --> clients02.i-sites.com /CLIENTS02_SITES/maritzwolff/www/Admin/resources custom.js
2003.04.22 14:42 B e:\sites\MaritzWolff\www\Admin\resources\favicon.gif --> clients02.i-sites.com /CLIENTS02_SITES/maritzwolff/www/Admin/resources favicon.gif
2003.04.22 14:42 B e:\sites\MaritzWolff\www\Admin\resources\menu.js --> clients02.i-sites.com /CLIENTS02_SITES/maritzwolff/www/Admin/resources menu.js
2003.04.22 14:42 B e:\sites\MaritzWolff\www\Admin\resources\menu_ie.js --> clients02.i-sites.com /CLIENTS02_SITES/maritzwolff/www/Admin/resources menu_ie.js
2003.04.22 14:42 B e:\sites\MaritzWolff\www\Admin\resources\menu_ns4.js --> clients02.i-sites.com /CLIENTS02_SITES/maritzwolff/www/Admin/resources menu_ns4.js
2003.04.22 14:42 B e:\sites\MaritzWolff\www\Admin\resources\menu_ns6.js --> clients02.i-sites.com /CLIENTS02_SITES/maritzwolff/www/Admin/resources menu_ns6.js
2003.04.22 14:42 B e:\sites\MaritzWolff\www\Admin\resources\menu_op5.js --> clients02.i-sites.com /CLIENTS02_SITES/maritzwolff/www/Admin/resources menu_op5.js
2003.04.22 14:42 B e:\sites\MaritzWolff\www\Admin\resources\sniffer.js --> clients02.i-sites.com /CLIENTS02_SITES/maritzwolff/www/Admin/resources sniffer.js
2003.04.22 14:42 B e:\sites\MaritzWolff\www\Admin\resources\style.css --> clients02.i-sites.com /CLIENTS02_SITES/maritzwolff/www/Admin/resources style.css
2003.04.22 14:42 B e:\sites\MaritzWolff\www\Admin\resources\style.js --> clients02.i-sites.com /CLIENTS02_SITES/maritzwolff/www/Admin/resources style.js
2003.04.22 14:42 B e:\sites\MaritzWolff\www\Admin\resources\WS_FTP.LOG --> clients02.i-sites.com /CLIENTS02_SITES/maritzwolff/www/Admin/resources WS_FTP.LOG
