2002.05.10 16:03 B e:\sites\hth\admin\www\i\admin\rates\add.gif --> clients02.i-sites.com /CLIENTS02_SITES/HTH/admin/www/i/admin/rates add.gif
2002.05.10 16:03 B e:\sites\hth\admin\www\i\admin\rates\add_column.gif --> clients02.i-sites.com /CLIENTS02_SITES/HTH/admin/www/i/admin/rates add_column.gif
2002.05.10 16:03 B e:\sites\hth\admin\www\i\admin\rates\add_description.gif --> clients02.i-sites.com /CLIENTS02_SITES/HTH/admin/www/i/admin/rates add_description.gif
2002.05.10 16:03 B e:\sites\hth\admin\www\i\admin\rates\add_row.gif --> clients02.i-sites.com /CLIENTS02_SITES/HTH/admin/www/i/admin/rates add_row.gif
2002.05.10 16:03 B e:\sites\hth\admin\www\i\admin\rates\arrow.gif --> clients02.i-sites.com /CLIENTS02_SITES/HTH/admin/www/i/admin/rates arrow.gif
2002.05.10 16:03 B e:\sites\hth\admin\www\i\admin\rates\arrow_black.gif --> clients02.i-sites.com /CLIENTS02_SITES/HTH/admin/www/i/admin/rates arrow_black.gif
2002.05.10 16:03 B e:\sites\hth\admin\www\i\admin\rates\arrow_black_left.gif --> clients02.i-sites.com /CLIENTS02_SITES/HTH/admin/www/i/admin/rates arrow_black_left.gif
2002.05.10 16:03 B e:\sites\hth\admin\www\i\admin\rates\arrow_left.gif --> clients02.i-sites.com /CLIENTS02_SITES/HTH/admin/www/i/admin/rates arrow_left.gif
2002.05.10 16:03 B e:\sites\hth\admin\www\i\admin\rates\back.gif --> clients02.i-sites.com /CLIENTS02_SITES/HTH/admin/www/i/admin/rates back.gif
2002.05.10 16:03 B e:\sites\hth\admin\www\i\admin\rates\delete.gif --> clients02.i-sites.com /CLIENTS02_SITES/HTH/admin/www/i/admin/rates delete.gif
2002.05.10 16:03 B e:\sites\hth\admin\www\i\admin\rates\desc.gif --> clients02.i-sites.com /CLIENTS02_SITES/HTH/admin/www/i/admin/rates desc.gif
2002.05.10 16:03 B e:\sites\hth\admin\www\i\admin\rates\edit.gif --> clients02.i-sites.com /CLIENTS02_SITES/HTH/admin/www/i/admin/rates edit.gif
2002.05.10 16:03 B e:\sites\hth\admin\www\i\admin\rates\image.gif --> clients02.i-sites.com /CLIENTS02_SITES/HTH/admin/www/i/admin/rates image.gif
2002.05.10 16:03 B e:\sites\hth\admin\www\i\admin\rates\spacer.gif --> clients02.i-sites.com /CLIENTS02_SITES/HTH/admin/www/i/admin/rates spacer.gif
2002.05.13 15:11 B e:\sites\hth\admin\www\i\admin\rates\WS_FTP.LOG --> clients02.i-sites.com /CLIENTS02_SITES/HTH/admin/www/i/admin/rates WS_FTP.LOG
2002.06.19 16:10 B e:\sites\Auberge\Admin\www\i\admin\rates\add.gif --> clients02.i-sites.com /CLIENTS02_SITES/Auberge/Admin/www/i/admin/rates add.gif
2002.06.19 16:10 B e:\sites\Auberge\Admin\www\i\admin\rates\add_column.gif --> clients02.i-sites.com /CLIENTS02_SITES/Auberge/Admin/www/i/admin/rates add_column.gif
2002.06.19 16:10 B e:\sites\Auberge\Admin\www\i\admin\rates\add_description.gif --> clients02.i-sites.com /CLIENTS02_SITES/Auberge/Admin/www/i/admin/rates add_description.gif
2002.06.19 16:10 B e:\sites\Auberge\Admin\www\i\admin\rates\add_row.gif --> clients02.i-sites.com /CLIENTS02_SITES/Auberge/Admin/www/i/admin/rates add_row.gif
2002.06.19 16:10 B e:\sites\Auberge\Admin\www\i\admin\rates\arrow.gif --> clients02.i-sites.com /CLIENTS02_SITES/Auberge/Admin/www/i/admin/rates arrow.gif
2002.06.19 16:10 B e:\sites\Auberge\Admin\www\i\admin\rates\arrow_black.gif --> clients02.i-sites.com /CLIENTS02_SITES/Auberge/Admin/www/i/admin/rates arrow_black.gif
2002.06.19 16:10 B e:\sites\Auberge\Admin\www\i\admin\rates\arrow_black_left.gif --> clients02.i-sites.com /CLIENTS02_SITES/Auberge/Admin/www/i/admin/rates arrow_black_left.gif
2002.06.19 16:10 B e:\sites\Auberge\Admin\www\i\admin\rates\arrow_left.gif --> clients02.i-sites.com /CLIENTS02_SITES/Auberge/Admin/www/i/admin/rates arrow_left.gif
2002.06.19 16:10 B e:\sites\Auberge\Admin\www\i\admin\rates\back.gif --> clients02.i-sites.com /CLIENTS02_SITES/Auberge/Admin/www/i/admin/rates back.gif
2002.06.19 16:10 B e:\sites\Auberge\Admin\www\i\admin\rates\delete.gif --> clients02.i-sites.com /CLIENTS02_SITES/Auberge/Admin/www/i/admin/rates delete.gif
2002.06.19 16:10 B e:\sites\Auberge\Admin\www\i\admin\rates\desc.gif --> clients02.i-sites.com /CLIENTS02_SITES/Auberge/Admin/www/i/admin/rates desc.gif
2002.06.19 16:10 B e:\sites\Auberge\Admin\www\i\admin\rates\edit.gif --> clients02.i-sites.com /CLIENTS02_SITES/Auberge/Admin/www/i/admin/rates edit.gif
2002.06.19 16:10 B e:\sites\Auberge\Admin\www\i\admin\rates\image.gif --> clients02.i-sites.com /CLIENTS02_SITES/Auberge/Admin/www/i/admin/rates image.gif
2002.06.19 16:10 B e:\sites\Auberge\Admin\www\i\admin\rates\spacer.gif --> clients02.i-sites.com /CLIENTS02_SITES/Auberge/Admin/www/i/admin/rates spacer.gif
2002.06.19 16:10 B e:\sites\Auberge\Admin\www\i\admin\rates\WS_FTP.LOG --> clients02.i-sites.com /CLIENTS02_SITES/Auberge/Admin/www/i/admin/rates WS_FTP.LOG
2003.04.22 14:42 B e:\sites\MaritzWolff\www\Admin\i\admin\rates\.MySCMServerInfo --> clients02.i-sites.com /CLIENTS02_SITES/maritzwolff/www/Admin/i/admin/rates .MySCMServerInfo
2003.04.22 14:42 B e:\sites\MaritzWolff\www\Admin\i\admin\rates\add.gif --> clients02.i-sites.com /CLIENTS02_SITES/maritzwolff/www/Admin/i/admin/rates add.gif
2003.04.22 14:42 B e:\sites\MaritzWolff\www\Admin\i\admin\rates\add_column.gif --> clients02.i-sites.com /CLIENTS02_SITES/maritzwolff/www/Admin/i/admin/rates add_column.gif
2003.04.22 14:42 B e:\sites\MaritzWolff\www\Admin\i\admin\rates\add_description.gif --> clients02.i-sites.com /CLIENTS02_SITES/maritzwolff/www/Admin/i/admin/rates add_description.gif
2003.04.22 14:42 B e:\sites\MaritzWolff\www\Admin\i\admin\rates\add_row.gif --> clients02.i-sites.com /CLIENTS02_SITES/maritzwolff/www/Admin/i/admin/rates add_row.gif
2003.04.22 14:42 B e:\sites\MaritzWolff\www\Admin\i\admin\rates\arrow.gif --> clients02.i-sites.com /CLIENTS02_SITES/maritzwolff/www/Admin/i/admin/rates arrow.gif
2003.04.22 14:42 B e:\sites\MaritzWolff\www\Admin\i\admin\rates\arrow_black.gif --> clients02.i-sites.com /CLIENTS02_SITES/maritzwolff/www/Admin/i/admin/rates arrow_black.gif
2003.04.22 14:42 B e:\sites\MaritzWolff\www\Admin\i\admin\rates\arrow_black_left.gif --> clients02.i-sites.com /CLIENTS02_SITES/maritzwolff/www/Admin/i/admin/rates arrow_black_left.gif
2003.04.22 14:42 B e:\sites\MaritzWolff\www\Admin\i\admin\rates\arrow_left.gif --> clients02.i-sites.com /CLIENTS02_SITES/maritzwolff/www/Admin/i/admin/rates arrow_left.gif
2003.04.22 14:42 B e:\sites\MaritzWolff\www\Admin\i\admin\rates\back.gif --> clients02.i-sites.com /CLIENTS02_SITES/maritzwolff/www/Admin/i/admin/rates back.gif
2003.04.22 14:42 B e:\sites\MaritzWolff\www\Admin\i\admin\rates\delete.gif --> clients02.i-sites.com /CLIENTS02_SITES/maritzwolff/www/Admin/i/admin/rates delete.gif
2003.04.22 14:42 B e:\sites\MaritzWolff\www\Admin\i\admin\rates\desc.gif --> clients02.i-sites.com /CLIENTS02_SITES/maritzwolff/www/Admin/i/admin/rates desc.gif
2003.04.22 14:42 B e:\sites\MaritzWolff\www\Admin\i\admin\rates\edit.gif --> clients02.i-sites.com /CLIENTS02_SITES/maritzwolff/www/Admin/i/admin/rates edit.gif
2003.04.22 14:42 B e:\sites\MaritzWolff\www\Admin\i\admin\rates\image.gif --> clients02.i-sites.com /CLIENTS02_SITES/maritzwolff/www/Admin/i/admin/rates image.gif
2003.04.22 14:42 B e:\sites\MaritzWolff\www\Admin\i\admin\rates\spacer.gif --> clients02.i-sites.com /CLIENTS02_SITES/maritzwolff/www/Admin/i/admin/rates spacer.gif
2003.04.22 14:42 B e:\sites\MaritzWolff\www\Admin\i\admin\rates\WS_FTP.LOG --> clients02.i-sites.com /CLIENTS02_SITES/maritzwolff/www/Admin/i/admin/rates WS_FTP.LOG
