2003.04.22 14:42 B e:\sites\MaritzWolff\www\i\corporate\.MySCMServerInfo --> clients02.i-sites.com /CLIENTS02_SITES/maritzwolff/www/i/corporate .MySCMServerInfo
2003.04.22 14:42 B e:\sites\MaritzWolff\www\i\corporate\approach_header.gif --> clients02.i-sites.com /CLIENTS02_SITES/maritzwolff/www/i/corporate approach_header.gif
2003.04.22 14:42 B e:\sites\MaritzWolff\www\i\corporate\approach_pic_1.jpg --> clients02.i-sites.com /CLIENTS02_SITES/maritzwolff/www/i/corporate approach_pic_1.jpg
2003.04.22 14:42 B e:\sites\MaritzWolff\www\i\corporate\back.gif --> clients02.i-sites.com /CLIENTS02_SITES/maritzwolff/www/i/corporate back.gif
2003.04.22 14:42 B e:\sites\MaritzWolff\www\i\corporate\back_next.gif --> clients02.i-sites.com /CLIENTS02_SITES/maritzwolff/www/i/corporate back_next.gif
2003.04.22 14:42 B e:\sites\MaritzWolff\www\i\corporate\history_header.gif --> clients02.i-sites.com /CLIENTS02_SITES/maritzwolff/www/i/corporate history_header.gif
2003.04.22 14:42 B e:\sites\MaritzWolff\www\i\corporate\history_pic_1.jpg --> clients02.i-sites.com /CLIENTS02_SITES/maritzwolff/www/i/corporate history_pic_1.jpg
2003.04.22 14:42 B e:\sites\MaritzWolff\www\i\corporate\history_pic_2.jpg --> clients02.i-sites.com /CLIENTS02_SITES/maritzwolff/www/i/corporate history_pic_2.jpg
2003.04.22 14:42 B e:\sites\MaritzWolff\www\i\corporate\history_pic_3.jpg --> clients02.i-sites.com /CLIENTS02_SITES/maritzwolff/www/i/corporate history_pic_3.jpg
2003.04.22 14:42 B e:\sites\MaritzWolff\www\i\corporate\history_pic_4.jpg --> clients02.i-sites.com /CLIENTS02_SITES/maritzwolff/www/i/corporate history_pic_4.jpg
2003.04.22 14:42 B e:\sites\MaritzWolff\www\i\corporate\history_pic_5.jpg --> clients02.i-sites.com /CLIENTS02_SITES/maritzwolff/www/i/corporate history_pic_5.jpg
2003.04.22 14:42 B e:\sites\MaritzWolff\www\i\corporate\market_header.gif --> clients02.i-sites.com /CLIENTS02_SITES/maritzwolff/www/i/corporate market_header.gif
2003.04.22 14:42 B e:\sites\MaritzWolff\www\i\corporate\market_pic_1.jpg --> clients02.i-sites.com /CLIENTS02_SITES/maritzwolff/www/i/corporate market_pic_1.jpg
2003.04.22 14:42 B e:\sites\MaritzWolff\www\i\corporate\market_pic_1_2003_04_03.jpg --> clients02.i-sites.com /CLIENTS02_SITES/maritzwolff/www/i/corporate market_pic_1_2003_04_03.jpg
2003.04.22 14:42 B e:\sites\MaritzWolff\www\i\corporate\market_pic_2.jpg --> clients02.i-sites.com /CLIENTS02_SITES/maritzwolff/www/i/corporate market_pic_2.jpg
2003.04.22 14:42 B e:\sites\MaritzWolff\www\i\corporate\market_pic_3.jpg --> clients02.i-sites.com /CLIENTS02_SITES/maritzwolff/www/i/corporate market_pic_3.jpg
2003.04.22 14:42 B e:\sites\MaritzWolff\www\i\corporate\next.gif --> clients02.i-sites.com /CLIENTS02_SITES/maritzwolff/www/i/corporate next.gif
2003.04.22 14:42 B e:\sites\MaritzWolff\www\i\corporate\philosophy_header.gif --> clients02.i-sites.com /CLIENTS02_SITES/maritzwolff/www/i/corporate philosophy_header.gif
2003.04.22 14:42 B e:\sites\MaritzWolff\www\i\corporate\philosophy_pic_1.jpg --> clients02.i-sites.com /CLIENTS02_SITES/maritzwolff/www/i/corporate philosophy_pic_1.jpg
2003.04.22 14:42 B e:\sites\MaritzWolff\www\i\corporate\philosophy_pic_2.jpg --> clients02.i-sites.com /CLIENTS02_SITES/maritzwolff/www/i/corporate philosophy_pic_2.jpg
2003.04.22 14:42 B e:\sites\MaritzWolff\www\i\corporate\philosophy_pic_3.jpg --> clients02.i-sites.com /CLIENTS02_SITES/maritzwolff/www/i/corporate philosophy_pic_3.jpg
2003.04.22 14:42 B e:\sites\MaritzWolff\www\i\corporate\photo_history_1.jpg --> clients02.i-sites.com /CLIENTS02_SITES/maritzwolff/www/i/corporate photo_history_1.jpg
2003.04.22 14:42 B e:\sites\MaritzWolff\www\i\corporate\photo_history_2.jpg --> clients02.i-sites.com /CLIENTS02_SITES/maritzwolff/www/i/corporate photo_history_2.jpg
2003.04.22 14:42 B e:\sites\MaritzWolff\www\i\corporate\pic_piece_01.gif --> clients02.i-sites.com /CLIENTS02_SITES/maritzwolff/www/i/corporate pic_piece_01.gif
2003.04.22 14:42 B e:\sites\MaritzWolff\www\i\corporate\pic_piece_02.gif --> clients02.i-sites.com /CLIENTS02_SITES/maritzwolff/www/i/corporate pic_piece_02.gif
2003.04.22 14:42 B e:\sites\MaritzWolff\www\i\corporate\pic_piece_03.gif --> clients02.i-sites.com /CLIENTS02_SITES/maritzwolff/www/i/corporate pic_piece_03.gif
