2003.04.22 14:43 B e:\sites\MaritzWolff\www\i\portfolio\.MySCMServerInfo --> clients02.i-sites.com /CLIENTS02_SITES/maritzwolff/www/i/portfolio .MySCMServerInfo
2003.04.22 14:43 B e:\sites\MaritzWolff\www\i\portfolio\div_01.gif --> clients02.i-sites.com /CLIENTS02_SITES/maritzwolff/www/i/portfolio div_01.gif
2003.04.22 14:43 B e:\sites\MaritzWolff\www\i\portfolio\foot_props_back.gif --> clients02.i-sites.com /CLIENTS02_SITES/maritzwolff/www/i/portfolio foot_props_back.gif
2003.04.22 14:43 B e:\sites\MaritzWolff\www\i\portfolio\hotel_austin.gif --> clients02.i-sites.com /CLIENTS02_SITES/maritzwolff/www/i/portfolio hotel_austin.gif
2003.04.22 14:43 B e:\sites\MaritzWolff\www\i\portfolio\hotel_aviara.gif --> clients02.i-sites.com /CLIENTS02_SITES/maritzwolff/www/i/portfolio hotel_aviara.gif
2003.04.22 14:43 B e:\sites\MaritzWolff\www\i\portfolio\hotel_carlyle.gif --> clients02.i-sites.com /CLIENTS02_SITES/maritzwolff/www/i/portfolio hotel_carlyle.gif
2003.04.22 14:43 B e:\sites\MaritzWolff\www\i\portfolio\hotel_crescent.gif --> clients02.i-sites.com /CLIENTS02_SITES/maritzwolff/www/i/portfolio hotel_crescent.gif
2003.04.22 14:43 B e:\sites\MaritzWolff\www\i\portfolio\hotel_dallas.gif --> clients02.i-sites.com /CLIENTS02_SITES/maritzwolff/www/i/portfolio hotel_dallas.gif
2003.04.22 14:43 B e:\sites\MaritzWolff\www\i\portfolio\hotel_houston.gif --> clients02.i-sites.com /CLIENTS02_SITES/maritzwolff/www/i/portfolio hotel_houston.gif
2003.04.22 14:43 B e:\sites\MaritzWolff\www\i\portfolio\hotel_kansas.gif --> clients02.i-sites.com /CLIENTS02_SITES/maritzwolff/www/i/portfolio hotel_kansas.gif
2003.04.22 14:43 B e:\sites\MaritzWolff\www\i\portfolio\hotel_littledix.gif --> clients02.i-sites.com /CLIENTS02_SITES/maritzwolff/www/i/portfolio hotel_littledix.gif
2003.04.22 14:43 B e:\sites\MaritzWolff\www\i\portfolio\hotel_mansion.gif --> clients02.i-sites.com /CLIENTS02_SITES/maritzwolff/www/i/portfolio hotel_mansion.gif
2003.04.22 14:43 B e:\sites\MaritzWolff\www\i\portfolio\hotel_nevis.gif --> clients02.i-sites.com /CLIENTS02_SITES/maritzwolff/www/i/portfolio hotel_nevis.gif
2003.04.22 14:43 B e:\sites\MaritzWolff\www\i\portfolio\hotel_neworleanes.gif --> clients02.i-sites.com /CLIENTS02_SITES/maritzwolff/www/i/portfolio hotel_neworleanes.gif
2003.04.22 14:43 B e:\sites\MaritzWolff\www\i\portfolio\hotel_ritz.gif --> clients02.i-sites.com /CLIENTS02_SITES/maritzwolff/www/i/portfolio hotel_ritz.gif
2003.04.22 14:43 B e:\sites\MaritzWolff\www\i\portfolio\hotel_sanfran.gif --> clients02.i-sites.com /CLIENTS02_SITES/maritzwolff/www/i/portfolio hotel_sanfran.gif
2003.04.22 14:43 B e:\sites\MaritzWolff\www\i\portfolio\hotel_sanjose.gif --> clients02.i-sites.com /CLIENTS02_SITES/maritzwolff/www/i/portfolio hotel_sanjose.gif
2003.04.22 14:43 B e:\sites\MaritzWolff\www\i\portfolio\hotel_santabarb.gif --> clients02.i-sites.com /CLIENTS02_SITES/maritzwolff/www/i/portfolio hotel_santabarb.gif
2003.04.22 14:43 B e:\sites\MaritzWolff\www\i\portfolio\hotel_santamonica.gif --> clients02.i-sites.com /CLIENTS02_SITES/maritzwolff/www/i/portfolio hotel_santamonica.gif
2003.04.22 14:43 B e:\sites\MaritzWolff\www\i\portfolio\hotel_sydney.gif --> clients02.i-sites.com /CLIENTS02_SITES/maritzwolff/www/i/portfolio hotel_sydney.gif
2003.04.22 14:43 B e:\sites\MaritzWolff\www\i\portfolio\hotel_toronto.gif --> clients02.i-sites.com /CLIENTS02_SITES/maritzwolff/www/i/portfolio hotel_toronto.gif
2003.04.22 14:43 B e:\sites\MaritzWolff\www\i\portfolio\left_1.gif --> clients02.i-sites.com /CLIENTS02_SITES/maritzwolff/www/i/portfolio left_1.gif
2003.04.22 14:43 B e:\sites\MaritzWolff\www\i\portfolio\left_2.gif --> clients02.i-sites.com /CLIENTS02_SITES/maritzwolff/www/i/portfolio left_2.gif
2003.04.22 14:43 B e:\sites\MaritzWolff\www\i\portfolio\left_3.gif --> clients02.i-sites.com /CLIENTS02_SITES/maritzwolff/www/i/portfolio left_3.gif
2003.04.22 14:43 B e:\sites\MaritzWolff\www\i\portfolio\left_4.gif --> clients02.i-sites.com /CLIENTS02_SITES/maritzwolff/www/i/portfolio left_4.gif
2003.04.22 14:43 B e:\sites\MaritzWolff\www\i\portfolio\manage_fairmont.gif --> clients02.i-sites.com /CLIENTS02_SITES/maritzwolff/www/i/portfolio manage_fairmont.gif
2003.04.22 14:43 B e:\sites\MaritzWolff\www\i\portfolio\manage_rosewood.gif --> clients02.i-sites.com /CLIENTS02_SITES/maritzwolff/www/i/portfolio manage_rosewood.gif
2003.04.22 14:43 B e:\sites\MaritzWolff\www\i\portfolio\prop_austin_high.jpg --> clients02.i-sites.com /CLIENTS02_SITES/maritzwolff/www/i/portfolio prop_austin_high.jpg
2003.04.22 14:43 B e:\sites\MaritzWolff\www\i\portfolio\prop_austin_left.jpg --> clients02.i-sites.com /CLIENTS02_SITES/maritzwolff/www/i/portfolio prop_austin_left.jpg
2003.04.22 14:43 B e:\sites\MaritzWolff\www\i\portfolio\prop_austin_right.jpg --> clients02.i-sites.com /CLIENTS02_SITES/maritzwolff/www/i/portfolio prop_austin_right.jpg
2003.04.22 14:43 B e:\sites\MaritzWolff\www\i\portfolio\prop_aviara_high.jpg --> clients02.i-sites.com /CLIENTS02_SITES/maritzwolff/www/i/portfolio prop_aviara_high.jpg
2003.04.22 14:43 B e:\sites\MaritzWolff\www\i\portfolio\prop_aviara_left.jpg --> clients02.i-sites.com /CLIENTS02_SITES/maritzwolff/www/i/portfolio prop_aviara_left.jpg
2003.04.22 14:43 B e:\sites\MaritzWolff\www\i\portfolio\prop_aviara_right.jpg --> clients02.i-sites.com /CLIENTS02_SITES/maritzwolff/www/i/portfolio prop_aviara_right.jpg
2003.04.22 14:43 B e:\sites\MaritzWolff\www\i\portfolio\prop_carlyle_high.jpg --> clients02.i-sites.com /CLIENTS02_SITES/maritzwolff/www/i/portfolio prop_carlyle_high.jpg
2003.04.22 14:43 B e:\sites\MaritzWolff\www\i\portfolio\prop_carlyle_left.jpg --> clients02.i-sites.com /CLIENTS02_SITES/maritzwolff/www/i/portfolio prop_carlyle_left.jpg
2003.04.22 14:43 B e:\sites\MaritzWolff\www\i\portfolio\prop_carlyle_right.jpg --> clients02.i-sites.com /CLIENTS02_SITES/maritzwolff/www/i/portfolio prop_carlyle_right.jpg
2003.04.22 14:43 B e:\sites\MaritzWolff\www\i\portfolio\prop_crescent_high.jpg --> clients02.i-sites.com /CLIENTS02_SITES/maritzwolff/www/i/portfolio prop_crescent_high.jpg
2003.04.22 14:43 B e:\sites\MaritzWolff\www\i\portfolio\prop_crescent_left.jpg --> clients02.i-sites.com /CLIENTS02_SITES/maritzwolff/www/i/portfolio prop_crescent_left.jpg
2003.04.22 14:43 B e:\sites\MaritzWolff\www\i\portfolio\prop_crescent_right.jpg --> clients02.i-sites.com /CLIENTS02_SITES/maritzwolff/www/i/portfolio prop_crescent_right.jpg
2003.04.22 14:43 B e:\sites\MaritzWolff\www\i\portfolio\prop_dallas_high.jpg --> clients02.i-sites.com /CLIENTS02_SITES/maritzwolff/www/i/portfolio prop_dallas_high.jpg
2003.04.22 14:43 B e:\sites\MaritzWolff\www\i\portfolio\prop_dallas_left.jpg --> clients02.i-sites.com /CLIENTS02_SITES/maritzwolff/www/i/portfolio prop_dallas_left.jpg
2003.04.22 14:43 B e:\sites\MaritzWolff\www\i\portfolio\prop_dallas_right.jpg --> clients02.i-sites.com /CLIENTS02_SITES/maritzwolff/www/i/portfolio prop_dallas_right.jpg
2003.04.22 14:43 B e:\sites\MaritzWolff\www\i\portfolio\prop_houston_high.jpg --> clients02.i-sites.com /CLIENTS02_SITES/maritzwolff/www/i/portfolio prop_houston_high.jpg
2003.04.22 14:43 B e:\sites\MaritzWolff\www\i\portfolio\prop_houston_left.jpg --> clients02.i-sites.com /CLIENTS02_SITES/maritzwolff/www/i/portfolio prop_houston_left.jpg
2003.04.22 14:43 B e:\sites\MaritzWolff\www\i\portfolio\prop_houston_right.jpg --> clients02.i-sites.com /CLIENTS02_SITES/maritzwolff/www/i/portfolio prop_houston_right.jpg
2003.04.22 14:43 B e:\sites\MaritzWolff\www\i\portfolio\prop_kansas_high.jpg --> clients02.i-sites.com /CLIENTS02_SITES/maritzwolff/www/i/portfolio prop_kansas_high.jpg
2003.04.22 14:43 B e:\sites\MaritzWolff\www\i\portfolio\prop_kansas_left.jpg --> clients02.i-sites.com /CLIENTS02_SITES/maritzwolff/www/i/portfolio prop_kansas_left.jpg
2003.04.22 14:43 B e:\sites\MaritzWolff\www\i\portfolio\prop_kansas_right.jpg --> clients02.i-sites.com /CLIENTS02_SITES/maritzwolff/www/i/portfolio prop_kansas_right.jpg
2003.04.22 14:43 B e:\sites\MaritzWolff\www\i\portfolio\prop_littledix_high.jpg --> clients02.i-sites.com /CLIENTS02_SITES/maritzwolff/www/i/portfolio prop_littledix_high.jpg
2003.04.22 14:43 B e:\sites\MaritzWolff\www\i\portfolio\prop_littledix_left.jpg --> clients02.i-sites.com /CLIENTS02_SITES/maritzwolff/www/i/portfolio prop_littledix_left.jpg
2003.04.22 14:43 B e:\sites\MaritzWolff\www\i\portfolio\prop_littledix_right.jpg --> clients02.i-sites.com /CLIENTS02_SITES/maritzwolff/www/i/portfolio prop_littledix_right.jpg
2003.04.22 14:43 B e:\sites\MaritzWolff\www\i\portfolio\prop_mansion_high.jpg --> clients02.i-sites.com /CLIENTS02_SITES/maritzwolff/www/i/portfolio prop_mansion_high.jpg
2003.04.22 14:43 B e:\sites\MaritzWolff\www\i\portfolio\prop_mansion_left.jpg --> clients02.i-sites.com /CLIENTS02_SITES/maritzwolff/www/i/portfolio prop_mansion_left.jpg
2003.04.22 14:43 B e:\sites\MaritzWolff\www\i\portfolio\prop_mansion_right.jpg --> clients02.i-sites.com /CLIENTS02_SITES/maritzwolff/www/i/portfolio prop_mansion_right.jpg
2003.04.22 14:43 B e:\sites\MaritzWolff\www\i\portfolio\prop_miramar_high.jpg --> clients02.i-sites.com /CLIENTS02_SITES/maritzwolff/www/i/portfolio prop_miramar_high.jpg
2003.04.22 14:43 B e:\sites\MaritzWolff\www\i\portfolio\prop_miramar_left.jpg --> clients02.i-sites.com /CLIENTS02_SITES/maritzwolff/www/i/portfolio prop_miramar_left.jpg
2003.04.22 14:43 B e:\sites\MaritzWolff\www\i\portfolio\prop_miramar_right.jpg --> clients02.i-sites.com /CLIENTS02_SITES/maritzwolff/www/i/portfolio prop_miramar_right.jpg
2003.04.22 14:43 B e:\sites\MaritzWolff\www\i\portfolio\prop_nevis_high.jpg --> clients02.i-sites.com /CLIENTS02_SITES/maritzwolff/www/i/portfolio prop_nevis_high.jpg
2003.04.22 14:43 B e:\sites\MaritzWolff\www\i\portfolio\prop_nevis_left.jpg --> clients02.i-sites.com /CLIENTS02_SITES/maritzwolff/www/i/portfolio prop_nevis_left.jpg
2003.04.22 14:43 B e:\sites\MaritzWolff\www\i\portfolio\prop_nevis_right.jpg --> clients02.i-sites.com /CLIENTS02_SITES/maritzwolff/www/i/portfolio prop_nevis_right.jpg
2003.04.22 14:43 B e:\sites\MaritzWolff\www\i\portfolio\prop_neworleans_high.jpg --> clients02.i-sites.com /CLIENTS02_SITES/maritzwolff/www/i/portfolio prop_neworleans_high.jpg
2003.04.22 14:43 B e:\sites\MaritzWolff\www\i\portfolio\prop_neworleans_left.jpg --> clients02.i-sites.com /CLIENTS02_SITES/maritzwolff/www/i/portfolio prop_neworleans_left.jpg
2003.04.22 14:43 B e:\sites\MaritzWolff\www\i\portfolio\prop_neworleans_right.jpg --> clients02.i-sites.com /CLIENTS02_SITES/maritzwolff/www/i/portfolio prop_neworleans_right.jpg
2003.04.22 14:43 B e:\sites\MaritzWolff\www\i\portfolio\prop_print.gif --> clients02.i-sites.com /CLIENTS02_SITES/maritzwolff/www/i/portfolio prop_print.gif
2003.04.22 14:43 B e:\sites\MaritzWolff\www\i\portfolio\prop_ritz_high.jpg --> clients02.i-sites.com /CLIENTS02_SITES/maritzwolff/www/i/portfolio prop_ritz_high.jpg
2003.04.22 14:43 B e:\sites\MaritzWolff\www\i\portfolio\prop_ritz_left.jpg --> clients02.i-sites.com /CLIENTS02_SITES/maritzwolff/www/i/portfolio prop_ritz_left.jpg
2003.04.22 14:43 B e:\sites\MaritzWolff\www\i\portfolio\prop_ritz_right.jpg --> clients02.i-sites.com /CLIENTS02_SITES/maritzwolff/www/i/portfolio prop_ritz_right.jpg
2003.04.22 14:43 B e:\sites\MaritzWolff\www\i\portfolio\prop_sanfran_high.jpg --> clients02.i-sites.com /CLIENTS02_SITES/maritzwolff/www/i/portfolio prop_sanfran_high.jpg
2003.04.22 14:43 B e:\sites\MaritzWolff\www\i\portfolio\prop_sanfran_left.jpg --> clients02.i-sites.com /CLIENTS02_SITES/maritzwolff/www/i/portfolio prop_sanfran_left.jpg
2003.04.22 14:43 B e:\sites\MaritzWolff\www\i\portfolio\prop_sanfran_right.jpg --> clients02.i-sites.com /CLIENTS02_SITES/maritzwolff/www/i/portfolio prop_sanfran_right.jpg
2003.04.22 14:43 B e:\sites\MaritzWolff\www\i\portfolio\prop_sanjose_high.jpg --> clients02.i-sites.com /CLIENTS02_SITES/maritzwolff/www/i/portfolio prop_sanjose_high.jpg
2003.04.22 14:43 B e:\sites\MaritzWolff\www\i\portfolio\prop_sanjose_left.jpg --> clients02.i-sites.com /CLIENTS02_SITES/maritzwolff/www/i/portfolio prop_sanjose_left.jpg
2003.04.22 14:43 B e:\sites\MaritzWolff\www\i\portfolio\prop_sanjose_right.jpg --> clients02.i-sites.com /CLIENTS02_SITES/maritzwolff/www/i/portfolio prop_sanjose_right.jpg
2003.04.22 14:43 B e:\sites\MaritzWolff\www\i\portfolio\prop_santabarb_high.jpg --> clients02.i-sites.com /CLIENTS02_SITES/maritzwolff/www/i/portfolio prop_santabarb_high.jpg
2003.04.22 14:43 B e:\sites\MaritzWolff\www\i\portfolio\prop_santabarb_left.jpg --> clients02.i-sites.com /CLIENTS02_SITES/maritzwolff/www/i/portfolio prop_santabarb_left.jpg
2003.04.22 14:43 B e:\sites\MaritzWolff\www\i\portfolio\prop_santabarb_right.jpg --> clients02.i-sites.com /CLIENTS02_SITES/maritzwolff/www/i/portfolio prop_santabarb_right.jpg
2003.04.22 14:43 B e:\sites\MaritzWolff\www\i\portfolio\prop_santamonica_high.jpg --> clients02.i-sites.com /CLIENTS02_SITES/maritzwolff/www/i/portfolio prop_santamonica_high.jpg
2003.04.22 14:43 B e:\sites\MaritzWolff\www\i\portfolio\prop_santamonica_left.jpg --> clients02.i-sites.com /CLIENTS02_SITES/maritzwolff/www/i/portfolio prop_santamonica_left.jpg
2003.04.22 14:43 B e:\sites\MaritzWolff\www\i\portfolio\prop_santamonica_right.jpg --> clients02.i-sites.com /CLIENTS02_SITES/maritzwolff/www/i/portfolio prop_santamonica_right.jpg
2003.04.22 14:43 B e:\sites\MaritzWolff\www\i\portfolio\prop_sydney_high.jpg --> clients02.i-sites.com /CLIENTS02_SITES/maritzwolff/www/i/portfolio prop_sydney_high.jpg
2003.04.22 14:43 B e:\sites\MaritzWolff\www\i\portfolio\prop_sydney_left.jpg --> clients02.i-sites.com /CLIENTS02_SITES/maritzwolff/www/i/portfolio prop_sydney_left.jpg
2003.04.22 14:43 B e:\sites\MaritzWolff\www\i\portfolio\prop_sydney_right.jpg --> clients02.i-sites.com /CLIENTS02_SITES/maritzwolff/www/i/portfolio prop_sydney_right.jpg
2003.04.22 14:43 B e:\sites\MaritzWolff\www\i\portfolio\prop_toronto_high.jpg --> clients02.i-sites.com /CLIENTS02_SITES/maritzwolff/www/i/portfolio prop_toronto_high.jpg
2003.04.22 14:43 B e:\sites\MaritzWolff\www\i\portfolio\prop_toronto_left.jpg --> clients02.i-sites.com /CLIENTS02_SITES/maritzwolff/www/i/portfolio prop_toronto_left.jpg
2003.04.22 14:43 B e:\sites\MaritzWolff\www\i\portfolio\prop_toronto_right.jpg --> clients02.i-sites.com /CLIENTS02_SITES/maritzwolff/www/i/portfolio prop_toronto_right.jpg
2003.04.22 14:43 B e:\sites\MaritzWolff\www\i\portfolio\properties_1.jpg --> clients02.i-sites.com /CLIENTS02_SITES/maritzwolff/www/i/portfolio properties_1.jpg
2003.04.22 14:43 B e:\sites\MaritzWolff\www\i\portfolio\ptitle_austin.gif --> clients02.i-sites.com /CLIENTS02_SITES/maritzwolff/www/i/portfolio ptitle_austin.gif
2003.04.22 14:43 B e:\sites\MaritzWolff\www\i\portfolio\ptitle_aviara.gif --> clients02.i-sites.com /CLIENTS02_SITES/maritzwolff/www/i/portfolio ptitle_aviara.gif
2003.04.22 14:43 B e:\sites\MaritzWolff\www\i\portfolio\ptitle_carlyle.gif --> clients02.i-sites.com /CLIENTS02_SITES/maritzwolff/www/i/portfolio ptitle_carlyle.gif
2003.04.22 14:43 B e:\sites\MaritzWolff\www\i\portfolio\ptitle_crescent.gif --> clients02.i-sites.com /CLIENTS02_SITES/maritzwolff/www/i/portfolio ptitle_crescent.gif
2003.04.22 14:43 B e:\sites\MaritzWolff\www\i\portfolio\ptitle_dallas.gif --> clients02.i-sites.com /CLIENTS02_SITES/maritzwolff/www/i/portfolio ptitle_dallas.gif
2003.04.22 14:43 B e:\sites\MaritzWolff\www\i\portfolio\ptitle_houston.gif --> clients02.i-sites.com /CLIENTS02_SITES/maritzwolff/www/i/portfolio ptitle_houston.gif
2003.04.22 14:43 B e:\sites\MaritzWolff\www\i\portfolio\ptitle_kansas.gif --> clients02.i-sites.com /CLIENTS02_SITES/maritzwolff/www/i/portfolio ptitle_kansas.gif
2003.04.22 14:43 B e:\sites\MaritzWolff\www\i\portfolio\ptitle_littledix.gif --> clients02.i-sites.com /CLIENTS02_SITES/maritzwolff/www/i/portfolio ptitle_littledix.gif
2003.04.22 14:43 B e:\sites\MaritzWolff\www\i\portfolio\ptitle_mansion.gif --> clients02.i-sites.com /CLIENTS02_SITES/maritzwolff/www/i/portfolio ptitle_mansion.gif
2003.04.22 14:43 B e:\sites\MaritzWolff\www\i\portfolio\ptitle_nevis.gif --> clients02.i-sites.com /CLIENTS02_SITES/maritzwolff/www/i/portfolio ptitle_nevis.gif
2003.04.22 14:43 B e:\sites\MaritzWolff\www\i\portfolio\ptitle_neworleans.gif --> clients02.i-sites.com /CLIENTS02_SITES/maritzwolff/www/i/portfolio ptitle_neworleans.gif
2003.04.22 14:43 B e:\sites\MaritzWolff\www\i\portfolio\ptitle_ritz.gif --> clients02.i-sites.com /CLIENTS02_SITES/maritzwolff/www/i/portfolio ptitle_ritz.gif
2003.04.22 14:43 B e:\sites\MaritzWolff\www\i\portfolio\ptitle_sanfran.gif --> clients02.i-sites.com /CLIENTS02_SITES/maritzwolff/www/i/portfolio ptitle_sanfran.gif
2003.04.22 14:43 B e:\sites\MaritzWolff\www\i\portfolio\ptitle_sanjose.gif --> clients02.i-sites.com /CLIENTS02_SITES/maritzwolff/www/i/portfolio ptitle_sanjose.gif
2003.04.22 14:43 B e:\sites\MaritzWolff\www\i\portfolio\ptitle_santabarb.gif --> clients02.i-sites.com /CLIENTS02_SITES/maritzwolff/www/i/portfolio ptitle_santabarb.gif
2003.04.22 14:43 B e:\sites\MaritzWolff\www\i\portfolio\ptitle_santamonica.gif --> clients02.i-sites.com /CLIENTS02_SITES/maritzwolff/www/i/portfolio ptitle_santamonica.gif
2003.04.22 14:43 B e:\sites\MaritzWolff\www\i\portfolio\ptitle_sydney.gif --> clients02.i-sites.com /CLIENTS02_SITES/maritzwolff/www/i/portfolio ptitle_sydney.gif
2003.04.22 14:43 B e:\sites\MaritzWolff\www\i\portfolio\ptitle_toronto.gif --> clients02.i-sites.com /CLIENTS02_SITES/maritzwolff/www/i/portfolio ptitle_toronto.gif
2003.04.22 14:43 B e:\sites\MaritzWolff\www\i\portfolio\right_01.gif --> clients02.i-sites.com /CLIENTS02_SITES/maritzwolff/www/i/portfolio right_01.gif
2003.04.22 14:43 B e:\sites\MaritzWolff\www\i\portfolio\right_02.gif --> clients02.i-sites.com /CLIENTS02_SITES/maritzwolff/www/i/portfolio right_02.gif
2003.04.22 14:43 B e:\sites\MaritzWolff\www\i\portfolio\right_03.gif --> clients02.i-sites.com /CLIENTS02_SITES/maritzwolff/www/i/portfolio right_03.gif
2003.04.22 14:43 B e:\sites\MaritzWolff\www\i\portfolio\right_04.gif --> clients02.i-sites.com /CLIENTS02_SITES/maritzwolff/www/i/portfolio right_04.gif
2003.04.22 14:43 B e:\sites\MaritzWolff\www\i\portfolio\right_05.gif --> clients02.i-sites.com /CLIENTS02_SITES/maritzwolff/www/i/portfolio right_05.gif
2003.04.22 14:43 B e:\sites\MaritzWolff\www\i\portfolio\title_hotelmanagement.gif --> clients02.i-sites.com /CLIENTS02_SITES/maritzwolff/www/i/portfolio title_hotelmanagement.gif
2003.04.22 14:43 B e:\sites\MaritzWolff\www\i\portfolio\title_hotels_resorts.gif --> clients02.i-sites.com /CLIENTS02_SITES/maritzwolff/www/i/portfolio title_hotels_resorts.gif
