2002.05.10 16:03 B e:\sites\hth\admin\www\i\admin\fileManager\avi.GIF --> clients02.i-sites.com /CLIENTS02_SITES/HTH/admin/www/i/admin/fileManager avi.GIF
2002.05.10 16:03 B e:\sites\hth\admin\www\i\admin\fileManager\binder.gif --> clients02.i-sites.com /CLIENTS02_SITES/HTH/admin/www/i/admin/fileManager binder.gif
2002.05.10 16:03 B e:\sites\hth\admin\www\i\admin\fileManager\cfm.gif --> clients02.i-sites.com /CLIENTS02_SITES/HTH/admin/www/i/admin/fileManager cfm.gif
2002.05.10 16:03 B e:\sites\hth\admin\www\i\admin\fileManager\css.GIF --> clients02.i-sites.com /CLIENTS02_SITES/HTH/admin/www/i/admin/fileManager css.GIF
2002.05.10 16:03 B e:\sites\hth\admin\www\i\admin\fileManager\delete.gif --> clients02.i-sites.com /CLIENTS02_SITES/HTH/admin/www/i/admin/fileManager delete.gif
2002.05.10 16:03 B e:\sites\hth\admin\www\i\admin\fileManager\doc.GIF --> clients02.i-sites.com /CLIENTS02_SITES/HTH/admin/www/i/admin/fileManager doc.GIF
2002.05.10 16:03 B e:\sites\hth\admin\www\i\admin\fileManager\down_green.GIF --> clients02.i-sites.com /CLIENTS02_SITES/HTH/admin/www/i/admin/fileManager down_green.GIF
2002.05.10 16:03 B e:\sites\hth\admin\www\i\admin\fileManager\edit.gif --> clients02.i-sites.com /CLIENTS02_SITES/HTH/admin/www/i/admin/fileManager edit.gif
2002.05.10 16:03 B e:\sites\hth\admin\www\i\admin\fileManager\exe.gif --> clients02.i-sites.com /CLIENTS02_SITES/HTH/admin/www/i/admin/fileManager exe.gif
2002.05.10 16:03 B e:\sites\hth\admin\www\i\admin\fileManager\file.gif --> clients02.i-sites.com /CLIENTS02_SITES/HTH/admin/www/i/admin/fileManager file.gif
2002.05.10 16:03 B e:\sites\hth\admin\www\i\admin\fileManager\flash.GIF --> clients02.i-sites.com /CLIENTS02_SITES/HTH/admin/www/i/admin/fileManager flash.GIF
2002.05.10 16:03 B e:\sites\hth\admin\www\i\admin\fileManager\folder.gif --> clients02.i-sites.com /CLIENTS02_SITES/HTH/admin/www/i/admin/fileManager folder.gif
2002.05.10 16:03 B e:\sites\hth\admin\www\i\admin\fileManager\folder2.GIF --> clients02.i-sites.com /CLIENTS02_SITES/HTH/admin/www/i/admin/fileManager folder2.GIF
2002.05.10 16:03 B e:\sites\hth\admin\www\i\admin\fileManager\folder2edit.GIF --> clients02.i-sites.com /CLIENTS02_SITES/HTH/admin/www/i/admin/fileManager folder2edit.GIF
2002.05.10 16:03 B e:\sites\hth\admin\www\i\admin\fileManager\image.gif --> clients02.i-sites.com /CLIENTS02_SITES/HTH/admin/www/i/admin/fileManager image.gif
2002.05.10 16:03 B e:\sites\hth\admin\www\i\admin\fileManager\js.gif --> clients02.i-sites.com /CLIENTS02_SITES/HTH/admin/www/i/admin/fileManager js.gif
2002.05.10 16:03 B e:\sites\hth\admin\www\i\admin\fileManager\mdb.GIF --> clients02.i-sites.com /CLIENTS02_SITES/HTH/admin/www/i/admin/fileManager mdb.GIF
2002.05.10 16:03 B e:\sites\hth\admin\www\i\admin\fileManager\ppt.GIF --> clients02.i-sites.com /CLIENTS02_SITES/HTH/admin/www/i/admin/fileManager ppt.GIF
2002.05.10 16:03 B e:\sites\hth\admin\www\i\admin\fileManager\preview.gif --> clients02.i-sites.com /CLIENTS02_SITES/HTH/admin/www/i/admin/fileManager preview.gif
2002.05.10 16:03 B e:\sites\hth\admin\www\i\admin\fileManager\real.GIF --> clients02.i-sites.com /CLIENTS02_SITES/HTH/admin/www/i/admin/fileManager real.GIF
2002.05.10 16:03 B e:\sites\hth\admin\www\i\admin\fileManager\spacer.gif --> clients02.i-sites.com /CLIENTS02_SITES/HTH/admin/www/i/admin/fileManager spacer.gif
2002.05.10 16:03 B e:\sites\hth\admin\www\i\admin\fileManager\style.css --> clients02.i-sites.com /CLIENTS02_SITES/HTH/admin/www/i/admin/fileManager style.css
2002.05.10 16:03 B e:\sites\hth\admin\www\i\admin\fileManager\txt.gif --> clients02.i-sites.com /CLIENTS02_SITES/HTH/admin/www/i/admin/fileManager txt.gif
2002.05.10 16:03 B e:\sites\hth\admin\www\i\admin\fileManager\up_green.GIF --> clients02.i-sites.com /CLIENTS02_SITES/HTH/admin/www/i/admin/fileManager up_green.GIF
2002.05.10 16:03 B e:\sites\hth\admin\www\i\admin\fileManager\xls.GIF --> clients02.i-sites.com /CLIENTS02_SITES/HTH/admin/www/i/admin/fileManager xls.GIF
2002.05.10 16:03 B e:\sites\hth\admin\www\i\admin\fileManager\xml.GIF --> clients02.i-sites.com /CLIENTS02_SITES/HTH/admin/www/i/admin/fileManager xml.GIF
2002.05.10 16:03 B e:\sites\hth\admin\www\i\admin\fileManager\zip.GIF --> clients02.i-sites.com /CLIENTS02_SITES/HTH/admin/www/i/admin/fileManager zip.GIF
2002.05.13 15:11 B e:\sites\hth\admin\www\i\admin\fileManager\WS_FTP.LOG --> clients02.i-sites.com /CLIENTS02_SITES/HTH/admin/www/i/admin/fileManager WS_FTP.LOG
2002.06.19 16:09 B e:\sites\Auberge\Admin\www\i\admin\fileManager\avi.GIF --> clients02.i-sites.com /CLIENTS02_SITES/Auberge/Admin/www/i/admin/fileManager avi.GIF
2002.06.19 16:09 B e:\sites\Auberge\Admin\www\i\admin\fileManager\binder.gif --> clients02.i-sites.com /CLIENTS02_SITES/Auberge/Admin/www/i/admin/fileManager binder.gif
2002.06.19 16:09 B e:\sites\Auberge\Admin\www\i\admin\fileManager\cfm.gif --> clients02.i-sites.com /CLIENTS02_SITES/Auberge/Admin/www/i/admin/fileManager cfm.gif
2002.06.19 16:09 B e:\sites\Auberge\Admin\www\i\admin\fileManager\css.GIF --> clients02.i-sites.com /CLIENTS02_SITES/Auberge/Admin/www/i/admin/fileManager css.GIF
2002.06.19 16:09 B e:\sites\Auberge\Admin\www\i\admin\fileManager\delete.gif --> clients02.i-sites.com /CLIENTS02_SITES/Auberge/Admin/www/i/admin/fileManager delete.gif
2002.06.19 16:09 B e:\sites\Auberge\Admin\www\i\admin\fileManager\doc.GIF --> clients02.i-sites.com /CLIENTS02_SITES/Auberge/Admin/www/i/admin/fileManager doc.GIF
2002.06.19 16:10 B e:\sites\Auberge\Admin\www\i\admin\fileManager\down_green.GIF --> clients02.i-sites.com /CLIENTS02_SITES/Auberge/Admin/www/i/admin/fileManager down_green.GIF
2002.06.19 16:10 B e:\sites\Auberge\Admin\www\i\admin\fileManager\edit.gif --> clients02.i-sites.com /CLIENTS02_SITES/Auberge/Admin/www/i/admin/fileManager edit.gif
2002.06.19 16:10 B e:\sites\Auberge\Admin\www\i\admin\fileManager\exe.gif --> clients02.i-sites.com /CLIENTS02_SITES/Auberge/Admin/www/i/admin/fileManager exe.gif
2002.06.19 16:10 B e:\sites\Auberge\Admin\www\i\admin\fileManager\file.gif --> clients02.i-sites.com /CLIENTS02_SITES/Auberge/Admin/www/i/admin/fileManager file.gif
2002.06.19 16:10 B e:\sites\Auberge\Admin\www\i\admin\fileManager\flash.GIF --> clients02.i-sites.com /CLIENTS02_SITES/Auberge/Admin/www/i/admin/fileManager flash.GIF
2002.06.19 16:10 B e:\sites\Auberge\Admin\www\i\admin\fileManager\folder.gif --> clients02.i-sites.com /CLIENTS02_SITES/Auberge/Admin/www/i/admin/fileManager folder.gif
2002.06.19 16:10 B e:\sites\Auberge\Admin\www\i\admin\fileManager\folder2.GIF --> clients02.i-sites.com /CLIENTS02_SITES/Auberge/Admin/www/i/admin/fileManager folder2.GIF
2002.06.19 16:10 B e:\sites\Auberge\Admin\www\i\admin\fileManager\folder2edit.GIF --> clients02.i-sites.com /CLIENTS02_SITES/Auberge/Admin/www/i/admin/fileManager folder2edit.GIF
2002.06.19 16:10 B e:\sites\Auberge\Admin\www\i\admin\fileManager\image.gif --> clients02.i-sites.com /CLIENTS02_SITES/Auberge/Admin/www/i/admin/fileManager image.gif
2002.06.19 16:10 B e:\sites\Auberge\Admin\www\i\admin\fileManager\js.gif --> clients02.i-sites.com /CLIENTS02_SITES/Auberge/Admin/www/i/admin/fileManager js.gif
2002.06.19 16:10 B e:\sites\Auberge\Admin\www\i\admin\fileManager\mdb.GIF --> clients02.i-sites.com /CLIENTS02_SITES/Auberge/Admin/www/i/admin/fileManager mdb.GIF
2002.06.19 16:10 B e:\sites\Auberge\Admin\www\i\admin\fileManager\ppt.GIF --> clients02.i-sites.com /CLIENTS02_SITES/Auberge/Admin/www/i/admin/fileManager ppt.GIF
2002.06.19 16:10 B e:\sites\Auberge\Admin\www\i\admin\fileManager\preview.gif --> clients02.i-sites.com /CLIENTS02_SITES/Auberge/Admin/www/i/admin/fileManager preview.gif
2002.06.19 16:10 B e:\sites\Auberge\Admin\www\i\admin\fileManager\real.GIF --> clients02.i-sites.com /CLIENTS02_SITES/Auberge/Admin/www/i/admin/fileManager real.GIF
2002.06.19 16:10 B e:\sites\Auberge\Admin\www\i\admin\fileManager\spacer.gif --> clients02.i-sites.com /CLIENTS02_SITES/Auberge/Admin/www/i/admin/fileManager spacer.gif
2002.06.19 16:10 B e:\sites\Auberge\Admin\www\i\admin\fileManager\style.css --> clients02.i-sites.com /CLIENTS02_SITES/Auberge/Admin/www/i/admin/fileManager style.css
2002.06.19 16:10 B e:\sites\Auberge\Admin\www\i\admin\fileManager\txt.gif --> clients02.i-sites.com /CLIENTS02_SITES/Auberge/Admin/www/i/admin/fileManager txt.gif
2002.06.19 16:10 B e:\sites\Auberge\Admin\www\i\admin\fileManager\up_green.GIF --> clients02.i-sites.com /CLIENTS02_SITES/Auberge/Admin/www/i/admin/fileManager up_green.GIF
2002.06.19 16:10 B e:\sites\Auberge\Admin\www\i\admin\fileManager\WS_FTP.LOG --> clients02.i-sites.com /CLIENTS02_SITES/Auberge/Admin/www/i/admin/fileManager WS_FTP.LOG
2002.06.19 16:10 B e:\sites\Auberge\Admin\www\i\admin\fileManager\xls.GIF --> clients02.i-sites.com /CLIENTS02_SITES/Auberge/Admin/www/i/admin/fileManager xls.GIF
2002.06.19 16:10 B e:\sites\Auberge\Admin\www\i\admin\fileManager\xml.GIF --> clients02.i-sites.com /CLIENTS02_SITES/Auberge/Admin/www/i/admin/fileManager xml.GIF
2002.06.19 16:10 B e:\sites\Auberge\Admin\www\i\admin\fileManager\zip.GIF --> clients02.i-sites.com /CLIENTS02_SITES/Auberge/Admin/www/i/admin/fileManager zip.GIF
2003.04.22 14:42 B e:\sites\MaritzWolff\www\Admin\i\admin\fileManager\.MySCMServerInfo --> clients02.i-sites.com /CLIENTS02_SITES/maritzwolff/www/Admin/i/admin/fileManager .MySCMServerInfo
2003.04.22 14:42 B e:\sites\MaritzWolff\www\Admin\i\admin\fileManager\avi.GIF --> clients02.i-sites.com /CLIENTS02_SITES/maritzwolff/www/Admin/i/admin/fileManager avi.GIF
2003.04.22 14:42 B e:\sites\MaritzWolff\www\Admin\i\admin\fileManager\binder.gif --> clients02.i-sites.com /CLIENTS02_SITES/maritzwolff/www/Admin/i/admin/fileManager binder.gif
2003.04.22 14:42 B e:\sites\MaritzWolff\www\Admin\i\admin\fileManager\cfm.gif --> clients02.i-sites.com /CLIENTS02_SITES/maritzwolff/www/Admin/i/admin/fileManager cfm.gif
2003.04.22 14:42 B e:\sites\MaritzWolff\www\Admin\i\admin\fileManager\css.GIF --> clients02.i-sites.com /CLIENTS02_SITES/maritzwolff/www/Admin/i/admin/fileManager css.GIF
2003.04.22 14:42 B e:\sites\MaritzWolff\www\Admin\i\admin\fileManager\delete.gif --> clients02.i-sites.com /CLIENTS02_SITES/maritzwolff/www/Admin/i/admin/fileManager delete.gif
2003.04.22 14:42 B e:\sites\MaritzWolff\www\Admin\i\admin\fileManager\doc.GIF --> clients02.i-sites.com /CLIENTS02_SITES/maritzwolff/www/Admin/i/admin/fileManager doc.GIF
2003.04.22 14:42 B e:\sites\MaritzWolff\www\Admin\i\admin\fileManager\down_green.GIF --> clients02.i-sites.com /CLIENTS02_SITES/maritzwolff/www/Admin/i/admin/fileManager down_green.GIF
2003.04.22 14:42 B e:\sites\MaritzWolff\www\Admin\i\admin\fileManager\edit.gif --> clients02.i-sites.com /CLIENTS02_SITES/maritzwolff/www/Admin/i/admin/fileManager edit.gif
2003.04.22 14:42 B e:\sites\MaritzWolff\www\Admin\i\admin\fileManager\exe.gif --> clients02.i-sites.com /CLIENTS02_SITES/maritzwolff/www/Admin/i/admin/fileManager exe.gif
2003.04.22 14:42 B e:\sites\MaritzWolff\www\Admin\i\admin\fileManager\file.gif --> clients02.i-sites.com /CLIENTS02_SITES/maritzwolff/www/Admin/i/admin/fileManager file.gif
2003.04.22 14:42 B e:\sites\MaritzWolff\www\Admin\i\admin\fileManager\flash.GIF --> clients02.i-sites.com /CLIENTS02_SITES/maritzwolff/www/Admin/i/admin/fileManager flash.GIF
2003.04.22 14:42 B e:\sites\MaritzWolff\www\Admin\i\admin\fileManager\folder.gif --> clients02.i-sites.com /CLIENTS02_SITES/maritzwolff/www/Admin/i/admin/fileManager folder.gif
2003.04.22 14:42 B e:\sites\MaritzWolff\www\Admin\i\admin\fileManager\folder2.GIF --> clients02.i-sites.com /CLIENTS02_SITES/maritzwolff/www/Admin/i/admin/fileManager folder2.GIF
2003.04.22 14:42 B e:\sites\MaritzWolff\www\Admin\i\admin\fileManager\folder2edit.GIF --> clients02.i-sites.com /CLIENTS02_SITES/maritzwolff/www/Admin/i/admin/fileManager folder2edit.GIF
2003.04.22 14:42 B e:\sites\MaritzWolff\www\Admin\i\admin\fileManager\image.gif --> clients02.i-sites.com /CLIENTS02_SITES/maritzwolff/www/Admin/i/admin/fileManager image.gif
2003.04.22 14:42 B e:\sites\MaritzWolff\www\Admin\i\admin\fileManager\js.gif --> clients02.i-sites.com /CLIENTS02_SITES/maritzwolff/www/Admin/i/admin/fileManager js.gif
2003.04.22 14:42 B e:\sites\MaritzWolff\www\Admin\i\admin\fileManager\mdb.GIF --> clients02.i-sites.com /CLIENTS02_SITES/maritzwolff/www/Admin/i/admin/fileManager mdb.GIF
2003.04.22 14:42 B e:\sites\MaritzWolff\www\Admin\i\admin\fileManager\ppt.GIF --> clients02.i-sites.com /CLIENTS02_SITES/maritzwolff/www/Admin/i/admin/fileManager ppt.GIF
2003.04.22 14:42 B e:\sites\MaritzWolff\www\Admin\i\admin\fileManager\preview.gif --> clients02.i-sites.com /CLIENTS02_SITES/maritzwolff/www/Admin/i/admin/fileManager preview.gif
2003.04.22 14:42 B e:\sites\MaritzWolff\www\Admin\i\admin\fileManager\real.GIF --> clients02.i-sites.com /CLIENTS02_SITES/maritzwolff/www/Admin/i/admin/fileManager real.GIF
2003.04.22 14:42 B e:\sites\MaritzWolff\www\Admin\i\admin\fileManager\spacer.gif --> clients02.i-sites.com /CLIENTS02_SITES/maritzwolff/www/Admin/i/admin/fileManager spacer.gif
2003.04.22 14:42 B e:\sites\MaritzWolff\www\Admin\i\admin\fileManager\style.css --> clients02.i-sites.com /CLIENTS02_SITES/maritzwolff/www/Admin/i/admin/fileManager style.css
2003.04.22 14:42 B e:\sites\MaritzWolff\www\Admin\i\admin\fileManager\txt.gif --> clients02.i-sites.com /CLIENTS02_SITES/maritzwolff/www/Admin/i/admin/fileManager txt.gif
2003.04.22 14:42 B e:\sites\MaritzWolff\www\Admin\i\admin\fileManager\up_green.GIF --> clients02.i-sites.com /CLIENTS02_SITES/maritzwolff/www/Admin/i/admin/fileManager up_green.GIF
2003.04.22 14:42 B e:\sites\MaritzWolff\www\Admin\i\admin\fileManager\WS_FTP.LOG --> clients02.i-sites.com /CLIENTS02_SITES/maritzwolff/www/Admin/i/admin/fileManager WS_FTP.LOG
2003.04.22 14:42 B e:\sites\MaritzWolff\www\Admin\i\admin\fileManager\xls.GIF --> clients02.i-sites.com /CLIENTS02_SITES/maritzwolff/www/Admin/i/admin/fileManager xls.GIF
2003.04.22 14:42 B e:\sites\MaritzWolff\www\Admin\i\admin\fileManager\xml.GIF --> clients02.i-sites.com /CLIENTS02_SITES/maritzwolff/www/Admin/i/admin/fileManager xml.GIF
2003.04.22 14:42 B e:\sites\MaritzWolff\www\Admin\i\admin\fileManager\zip.GIF --> clients02.i-sites.com /CLIENTS02_SITES/maritzwolff/www/Admin/i/admin/fileManager zip.GIF
