2002.05.10 16:03 B e:\sites\hth\admin\www\sys\app.cfm --> clients02.i-sites.com /CLIENTS02_SITES/HTH/admin/www/sys app.cfm
2002.05.10 16:03 B e:\sites\hth\admin\www\sys\company.cfm --> clients02.i-sites.com /CLIENTS02_SITES/HTH/admin/www/sys company.cfm
2002.05.10 16:03 B e:\sites\hth\admin\www\sys\dsp_appform.cfm --> clients02.i-sites.com /CLIENTS02_SITES/HTH/admin/www/sys dsp_appform.cfm
2002.05.10 16:03 B e:\sites\hth\admin\www\sys\dsp_applist.cfm --> clients02.i-sites.com /CLIENTS02_SITES/HTH/admin/www/sys dsp_applist.cfm
2002.05.10 16:03 B e:\sites\hth\admin\www\sys\dsp_companyapp.cfm --> clients02.i-sites.com /CLIENTS02_SITES/HTH/admin/www/sys dsp_companyapp.cfm
2002.05.10 16:03 B e:\sites\hth\admin\www\sys\dsp_companyform.cfm --> clients02.i-sites.com /CLIENTS02_SITES/HTH/admin/www/sys dsp_companyform.cfm
2002.05.10 16:03 B e:\sites\hth\admin\www\sys\dsp_companylist.cfm --> clients02.i-sites.com /CLIENTS02_SITES/HTH/admin/www/sys dsp_companylist.cfm
2002.05.10 16:03 B e:\sites\hth\admin\www\sys\dsp_usersform.cfm --> clients02.i-sites.com /CLIENTS02_SITES/HTH/admin/www/sys dsp_usersform.cfm
2002.05.10 16:03 B e:\sites\hth\admin\www\sys\dsp_userslist.cfm --> clients02.i-sites.com /CLIENTS02_SITES/HTH/admin/www/sys dsp_userslist.cfm
2002.05.10 16:03 B e:\sites\hth\admin\www\sys\dsp_usersperm.cfm --> clients02.i-sites.com /CLIENTS02_SITES/HTH/admin/www/sys dsp_usersperm.cfm
2002.05.10 16:03 B e:\sites\hth\admin\www\sys\prop.cfm --> clients02.i-sites.com /CLIENTS02_SITES/HTH/admin/www/sys prop.cfm
2002.05.10 16:03 B e:\sites\hth\admin\www\sys\users.cfm --> clients02.i-sites.com /CLIENTS02_SITES/HTH/admin/www/sys users.cfm
2002.05.13 15:11 B e:\sites\hth\admin\www\sys\WS_FTP.LOG --> clients02.i-sites.com /CLIENTS02_SITES/HTH/admin/www/sys WS_FTP.LOG
2002.06.19 16:10 B e:\sites\Auberge\Admin\www\sys\app.cfm --> clients02.i-sites.com /CLIENTS02_SITES/Auberge/Admin/www/sys app.cfm
2002.06.19 16:10 B e:\sites\Auberge\Admin\www\sys\company.cfm --> clients02.i-sites.com /CLIENTS02_SITES/Auberge/Admin/www/sys company.cfm
2002.06.19 16:10 B e:\sites\Auberge\Admin\www\sys\dsp_appform.cfm --> clients02.i-sites.com /CLIENTS02_SITES/Auberge/Admin/www/sys dsp_appform.cfm
2002.06.19 16:10 B e:\sites\Auberge\Admin\www\sys\dsp_applist.cfm --> clients02.i-sites.com /CLIENTS02_SITES/Auberge/Admin/www/sys dsp_applist.cfm
2002.06.19 16:10 B e:\sites\Auberge\Admin\www\sys\dsp_companyapp.cfm --> clients02.i-sites.com /CLIENTS02_SITES/Auberge/Admin/www/sys dsp_companyapp.cfm
2002.06.19 16:10 B e:\sites\Auberge\Admin\www\sys\dsp_companyform.cfm --> clients02.i-sites.com /CLIENTS02_SITES/Auberge/Admin/www/sys dsp_companyform.cfm
2002.06.19 16:10 B e:\sites\Auberge\Admin\www\sys\dsp_companylist.cfm --> clients02.i-sites.com /CLIENTS02_SITES/Auberge/Admin/www/sys dsp_companylist.cfm
2002.06.19 16:10 B e:\sites\Auberge\Admin\www\sys\dsp_usersform.cfm --> clients02.i-sites.com /CLIENTS02_SITES/Auberge/Admin/www/sys dsp_usersform.cfm
2002.06.19 16:10 B e:\sites\Auberge\Admin\www\sys\dsp_userslist.cfm --> clients02.i-sites.com /CLIENTS02_SITES/Auberge/Admin/www/sys dsp_userslist.cfm
2002.06.19 16:10 B e:\sites\Auberge\Admin\www\sys\dsp_usersperm.cfm --> clients02.i-sites.com /CLIENTS02_SITES/Auberge/Admin/www/sys dsp_usersperm.cfm
2002.06.19 16:10 B e:\sites\Auberge\Admin\www\sys\prop.cfm --> clients02.i-sites.com /CLIENTS02_SITES/Auberge/Admin/www/sys prop.cfm
2002.06.19 16:10 B e:\sites\Auberge\Admin\www\sys\users.cfm --> clients02.i-sites.com /CLIENTS02_SITES/Auberge/Admin/www/sys users.cfm
2002.06.19 16:10 B e:\sites\Auberge\Admin\www\sys\WS_FTP.LOG --> clients02.i-sites.com /CLIENTS02_SITES/Auberge/Admin/www/sys WS_FTP.LOG
2003.04.22 14:42 B e:\sites\MaritzWolff\www\Admin\sys\.MySCMServerInfo --> clients02.i-sites.com /CLIENTS02_SITES/maritzwolff/www/Admin/sys .MySCMServerInfo
2003.04.22 14:42 B e:\sites\MaritzWolff\www\Admin\sys\app.cfm --> clients02.i-sites.com /CLIENTS02_SITES/maritzwolff/www/Admin/sys app.cfm
2003.04.22 14:42 B e:\sites\MaritzWolff\www\Admin\sys\company.cfm --> clients02.i-sites.com /CLIENTS02_SITES/maritzwolff/www/Admin/sys company.cfm
2003.04.22 14:42 B e:\sites\MaritzWolff\www\Admin\sys\dsp_appform.cfm --> clients02.i-sites.com /CLIENTS02_SITES/maritzwolff/www/Admin/sys dsp_appform.cfm
2003.04.22 14:42 B e:\sites\MaritzWolff\www\Admin\sys\dsp_applist.cfm --> clients02.i-sites.com /CLIENTS02_SITES/maritzwolff/www/Admin/sys dsp_applist.cfm
2003.04.22 14:42 B e:\sites\MaritzWolff\www\Admin\sys\dsp_companyapp.cfm --> clients02.i-sites.com /CLIENTS02_SITES/maritzwolff/www/Admin/sys dsp_companyapp.cfm
2003.04.22 14:42 B e:\sites\MaritzWolff\www\Admin\sys\dsp_companyform.cfm --> clients02.i-sites.com /CLIENTS02_SITES/maritzwolff/www/Admin/sys dsp_companyform.cfm
2003.04.22 14:42 B e:\sites\MaritzWolff\www\Admin\sys\dsp_companylist.cfm --> clients02.i-sites.com /CLIENTS02_SITES/maritzwolff/www/Admin/sys dsp_companylist.cfm
2003.04.22 14:42 B e:\sites\MaritzWolff\www\Admin\sys\dsp_usersform.cfm --> clients02.i-sites.com /CLIENTS02_SITES/maritzwolff/www/Admin/sys dsp_usersform.cfm
2003.04.22 14:42 B e:\sites\MaritzWolff\www\Admin\sys\dsp_userslist.cfm --> clients02.i-sites.com /CLIENTS02_SITES/maritzwolff/www/Admin/sys dsp_userslist.cfm
2003.04.22 14:42 B e:\sites\MaritzWolff\www\Admin\sys\dsp_usersperm.cfm --> clients02.i-sites.com /CLIENTS02_SITES/maritzwolff/www/Admin/sys dsp_usersperm.cfm
2003.04.22 14:42 B e:\sites\MaritzWolff\www\Admin\sys\prop.cfm --> clients02.i-sites.com /CLIENTS02_SITES/maritzwolff/www/Admin/sys prop.cfm
2003.04.22 14:42 B e:\sites\MaritzWolff\www\Admin\sys\users.cfm --> clients02.i-sites.com /CLIENTS02_SITES/maritzwolff/www/Admin/sys users.cfm
2003.04.22 14:42 B e:\sites\MaritzWolff\www\Admin\sys\WS_FTP.LOG --> clients02.i-sites.com /CLIENTS02_SITES/maritzwolff/www/Admin/sys WS_FTP.LOG
