2002.05.10 16:03 B e:\sites\hth\admin\www\sys\obj\obj_appform.cfm --> clients02.i-sites.com /CLIENTS02_SITES/HTH/admin/www/sys/obj obj_appform.cfm
2002.05.10 16:03 B e:\sites\hth\admin\www\sys\obj\obj_applist.cfm --> clients02.i-sites.com /CLIENTS02_SITES/HTH/admin/www/sys/obj obj_applist.cfm
2002.05.10 16:03 B e:\sites\hth\admin\www\sys\obj\obj_companyapp.cfm --> clients02.i-sites.com /CLIENTS02_SITES/HTH/admin/www/sys/obj obj_companyapp.cfm
2002.05.10 16:03 B e:\sites\hth\admin\www\sys\obj\obj_companyform.cfm --> clients02.i-sites.com /CLIENTS02_SITES/HTH/admin/www/sys/obj obj_companyform.cfm
2002.05.10 16:03 B e:\sites\hth\admin\www\sys\obj\obj_companylist.cfm --> clients02.i-sites.com /CLIENTS02_SITES/HTH/admin/www/sys/obj obj_companylist.cfm
2002.05.10 16:03 B e:\sites\hth\admin\www\sys\obj\obj_usersform.cfm --> clients02.i-sites.com /CLIENTS02_SITES/HTH/admin/www/sys/obj obj_usersform.cfm
2002.05.10 16:03 B e:\sites\hth\admin\www\sys\obj\obj_userslist.cfm --> clients02.i-sites.com /CLIENTS02_SITES/HTH/admin/www/sys/obj obj_userslist.cfm
2002.05.10 16:03 B e:\sites\hth\admin\www\sys\obj\obj_usersperm.cfm --> clients02.i-sites.com /CLIENTS02_SITES/HTH/admin/www/sys/obj obj_usersperm.cfm
2002.05.13 15:11 B e:\sites\hth\admin\www\sys\obj\WS_FTP.LOG --> clients02.i-sites.com /CLIENTS02_SITES/HTH/admin/www/sys/obj WS_FTP.LOG
2002.06.19 16:10 B e:\sites\Auberge\Admin\www\sys\obj\obj_appform.cfm --> clients02.i-sites.com /CLIENTS02_SITES/Auberge/Admin/www/sys/obj obj_appform.cfm
2002.06.19 16:10 B e:\sites\Auberge\Admin\www\sys\obj\obj_applist.cfm --> clients02.i-sites.com /CLIENTS02_SITES/Auberge/Admin/www/sys/obj obj_applist.cfm
2002.06.19 16:10 B e:\sites\Auberge\Admin\www\sys\obj\obj_companyapp.cfm --> clients02.i-sites.com /CLIENTS02_SITES/Auberge/Admin/www/sys/obj obj_companyapp.cfm
2002.06.19 16:10 B e:\sites\Auberge\Admin\www\sys\obj\obj_companyform.cfm --> clients02.i-sites.com /CLIENTS02_SITES/Auberge/Admin/www/sys/obj obj_companyform.cfm
2002.06.19 16:10 B e:\sites\Auberge\Admin\www\sys\obj\obj_companylist.cfm --> clients02.i-sites.com /CLIENTS02_SITES/Auberge/Admin/www/sys/obj obj_companylist.cfm
2002.06.19 16:10 B e:\sites\Auberge\Admin\www\sys\obj\obj_usersform.cfm --> clients02.i-sites.com /CLIENTS02_SITES/Auberge/Admin/www/sys/obj obj_usersform.cfm
2002.06.19 16:10 B e:\sites\Auberge\Admin\www\sys\obj\obj_userslist.cfm --> clients02.i-sites.com /CLIENTS02_SITES/Auberge/Admin/www/sys/obj obj_userslist.cfm
2002.06.19 16:10 B e:\sites\Auberge\Admin\www\sys\obj\obj_usersperm.cfm --> clients02.i-sites.com /CLIENTS02_SITES/Auberge/Admin/www/sys/obj obj_usersperm.cfm
2002.06.19 16:10 B e:\sites\Auberge\Admin\www\sys\obj\WS_FTP.LOG --> clients02.i-sites.com /CLIENTS02_SITES/Auberge/Admin/www/sys/obj WS_FTP.LOG
2003.04.22 14:42 B e:\sites\MaritzWolff\www\Admin\sys\obj\.MySCMServerInfo --> clients02.i-sites.com /CLIENTS02_SITES/maritzwolff/www/Admin/sys/obj .MySCMServerInfo
2003.04.22 14:42 B e:\sites\MaritzWolff\www\Admin\sys\obj\obj_appform.cfm --> clients02.i-sites.com /CLIENTS02_SITES/maritzwolff/www/Admin/sys/obj obj_appform.cfm
2003.04.22 14:42 B e:\sites\MaritzWolff\www\Admin\sys\obj\obj_applist.cfm --> clients02.i-sites.com /CLIENTS02_SITES/maritzwolff/www/Admin/sys/obj obj_applist.cfm
2003.04.22 14:42 B e:\sites\MaritzWolff\www\Admin\sys\obj\obj_companyapp.cfm --> clients02.i-sites.com /CLIENTS02_SITES/maritzwolff/www/Admin/sys/obj obj_companyapp.cfm
2003.04.22 14:42 B e:\sites\MaritzWolff\www\Admin\sys\obj\obj_companyform.cfm --> clients02.i-sites.com /CLIENTS02_SITES/maritzwolff/www/Admin/sys/obj obj_companyform.cfm
2003.04.22 14:42 B e:\sites\MaritzWolff\www\Admin\sys\obj\obj_companylist.cfm --> clients02.i-sites.com /CLIENTS02_SITES/maritzwolff/www/Admin/sys/obj obj_companylist.cfm
2003.04.22 14:42 B e:\sites\MaritzWolff\www\Admin\sys\obj\obj_usersform.cfm --> clients02.i-sites.com /CLIENTS02_SITES/maritzwolff/www/Admin/sys/obj obj_usersform.cfm
2003.04.22 14:42 B e:\sites\MaritzWolff\www\Admin\sys\obj\obj_userslist.cfm --> clients02.i-sites.com /CLIENTS02_SITES/maritzwolff/www/Admin/sys/obj obj_userslist.cfm
2003.04.22 14:42 B e:\sites\MaritzWolff\www\Admin\sys\obj\obj_usersperm.cfm --> clients02.i-sites.com /CLIENTS02_SITES/maritzwolff/www/Admin/sys/obj obj_usersperm.cfm
2003.04.22 14:42 B e:\sites\MaritzWolff\www\Admin\sys\obj\WS_FTP.LOG --> clients02.i-sites.com /CLIENTS02_SITES/maritzwolff/www/Admin/sys/obj WS_FTP.LOG
