2002.05.10 16:03 B e:\sites\hth\admin\www\i\_.GIF --> clients02.i-sites.com /CLIENTS02_SITES/HTH/admin/www/i _.GIF
2002.05.10 16:03 B e:\sites\hth\admin\www\i\bl-gr.gif --> clients02.i-sites.com /CLIENTS02_SITES/HTH/admin/www/i bl-gr.gif
2002.05.10 16:03 B e:\sites\hth\admin\www\i\gr-gr.gif --> clients02.i-sites.com /CLIENTS02_SITES/HTH/admin/www/i gr-gr.gif
2002.05.10 16:03 B e:\sites\hth\admin\www\i\logo.gif --> clients02.i-sites.com /CLIENTS02_SITES/HTH/admin/www/i logo.gif
2002.05.13 15:11 B e:\sites\hth\admin\www\i\WS_FTP.LOG --> clients02.i-sites.com /CLIENTS02_SITES/HTH/admin/www/i WS_FTP.LOG
2002.06.19 16:10 B e:\sites\Auberge\Admin\www\i\_.GIF --> clients02.i-sites.com /CLIENTS02_SITES/Auberge/Admin/www/i _.GIF
2002.06.19 16:10 B e:\sites\Auberge\Admin\www\i\bl-gr.gif --> clients02.i-sites.com /CLIENTS02_SITES/Auberge/Admin/www/i bl-gr.gif
2002.06.19 16:10 B e:\sites\Auberge\Admin\www\i\gr-gr.gif --> clients02.i-sites.com /CLIENTS02_SITES/Auberge/Admin/www/i gr-gr.gif
2002.06.19 16:10 B e:\sites\Auberge\Admin\www\i\logo.gif --> clients02.i-sites.com /CLIENTS02_SITES/Auberge/Admin/www/i logo.gif
2002.06.19 16:10 B e:\sites\Auberge\Admin\www\i\logo.jpg --> clients02.i-sites.com /CLIENTS02_SITES/Auberge/Admin/www/i logo.jpg
2002.06.19 16:10 B e:\sites\Auberge\Admin\www\i\logo_aub.gif --> clients02.i-sites.com /CLIENTS02_SITES/Auberge/Admin/www/i logo_aub.gif
2002.06.19 16:10 B e:\sites\Auberge\Admin\www\i\logo_cv.gif --> clients02.i-sites.com /CLIENTS02_SITES/Auberge/Admin/www/i logo_cv.gif
2002.06.19 16:10 B e:\sites\Auberge\Admin\www\i\logo_hth.gif --> clients02.i-sites.com /CLIENTS02_SITES/Auberge/Admin/www/i logo_hth.gif
2002.06.19 16:10 B e:\sites\Auberge\Admin\www\i\WS_FTP.LOG --> clients02.i-sites.com /CLIENTS02_SITES/Auberge/Admin/www/i WS_FTP.LOG
2003.04.22 14:42 B e:\sites\MaritzWolff\www\Admin\i\.MySCMServerInfo --> clients02.i-sites.com /CLIENTS02_SITES/maritzwolff/www/Admin/i .MySCMServerInfo
2003.04.22 14:42 B e:\sites\MaritzWolff\www\Admin\i\_.GIF --> clients02.i-sites.com /CLIENTS02_SITES/maritzwolff/www/Admin/i _.GIF
2003.04.22 14:42 B e:\sites\MaritzWolff\www\Admin\i\bl-gr.gif --> clients02.i-sites.com /CLIENTS02_SITES/maritzwolff/www/Admin/i bl-gr.gif
2003.04.22 14:42 B e:\sites\MaritzWolff\www\Admin\i\gr-gr.gif --> clients02.i-sites.com /CLIENTS02_SITES/maritzwolff/www/Admin/i gr-gr.gif
2003.04.22 14:42 B e:\sites\MaritzWolff\www\Admin\i\logo.gif --> clients02.i-sites.com /CLIENTS02_SITES/maritzwolff/www/Admin/i logo.gif
2003.04.22 14:42 B e:\sites\MaritzWolff\www\Admin\i\logo.jpg --> clients02.i-sites.com /CLIENTS02_SITES/maritzwolff/www/Admin/i logo.jpg
2003.04.22 14:42 B e:\sites\MaritzWolff\www\Admin\i\logo_aub.gif --> clients02.i-sites.com /CLIENTS02_SITES/maritzwolff/www/Admin/i logo_aub.gif
2003.04.22 14:42 B e:\sites\MaritzWolff\www\Admin\i\logo_cv.gif --> clients02.i-sites.com /CLIENTS02_SITES/maritzwolff/www/Admin/i logo_cv.gif
2003.04.22 14:42 B e:\sites\MaritzWolff\www\Admin\i\logo_hth.gif --> clients02.i-sites.com /CLIENTS02_SITES/maritzwolff/www/Admin/i logo_hth.gif
2003.04.22 14:42 B e:\sites\MaritzWolff\www\Admin\i\WS_FTP.LOG --> clients02.i-sites.com /CLIENTS02_SITES/maritzwolff/www/Admin/i WS_FTP.LOG
